<?xml version="1.0" encoding="UTF-8"?>
<!-- Generated by org.testng.reporters.JUnitXMLReporter -->
<testsuite hostname="DESKTOP-71PN4CI" ignored="0" name="Main Test" tests="6" failures="0" timestamp="2023-05-01T21:37:44 GST" time="7.271" errors="0">
  <testcase name="Login" time="0.784" classname="Campus.CountryTest"/>
  <testcase name="createCountry" time="1.392" classname="Campus.CountryTest"/>
  <testcase name="createCountryNegative" time="0.672" classname="Campus.CountryTest"/>
  <testcase name="updateCountry" time="0.648" classname="Campus.CountryTest"/>
  <testcase name="deleteCountry" time="0.532" classname="Campus.CountryTest"/>
  <testcase name="deleteCountryNegative" time="0.564" classname="Campus.CountryTest"/>
</testsuite> <!-- Main Test -->
